2016-08-23 17:41:56 [@service]
Внутренний #1: Запуск createinquest
2016-08-23 17:42:02 [@service]
Внутренний #1: Запуск watcher
2016-08-23 17:43:59 [2@service]
Внутренний #1: Запуск ticketrecurrent
2016-08-23 17:46:12 [@service]
Внутренний #1: Запуск planningrecall
2016-08-23 17:54:14 [2@service]
Внутренний #1: Запуск queuedmail
2016-08-23 18:07:46 [2@service]
Внутренний #1: Запуск queuedmailclean
2016-08-23 18:12:48 [2@service]
Внутренний #1: Запуск temp
2016-08-23 18:17:52 [2@service]
Внутренний #1: Запуск mailgateerror
2016-08-23 18:24:53 [2@service]
Внутренний #1: Запуск contract
2016-08-23 18:29:57 [2@service]
Внутренний #1: Запуск infocom
2016-08-23 18:35:24 [2@service]
Внутренний #1: Запуск optimize
2016-08-23 18:40:27 [2@service]
Внутренний #1: Запуск mailgate
2016-08-23 18:53:36 [2@service]
Внутренний #1: Запуск session
2016-08-23 18:59:43 [2@service]
Внутренний #1: Запуск graph
2016-08-23 19:04:57 [2@service]
Внутренний #1: Запуск reservation
2016-08-23 19:09:58 [2@service]
Внутренний #1: Запуск closeticket
2016-08-24 08:47:07 [2@service]
Внутренний #1: Запуск alertnotclosed
2016-08-24 08:52:09 [2@service]
Внутренний #1: Запуск slaticket
2016-08-24 09:00:27 [2@service]
Внутренний #1: Запуск planningrecall
2016-08-24 09:30:26 [2@service]
Внутренний #1: Запуск queuedmail
2016-08-24 10:31:47 [2@service]
Внутренний #1: Запуск ticketrecurrent
2016-08-24 10:37:32 [2@service]
Внутренний #1: Запуск mailgate
2016-08-29 18:14:30 [2@service]
Внутренний #1: Запуск temp
2016-08-29 18:14:35 [@service]
Внутренний #1: Запуск graph
2016-08-29 18:14:44 [@service]
Внутренний #1: Запуск reservation
2016-08-29 18:23:12 [@service]
Внутренний #1: Запуск closeticket
2016-08-30 13:56:58 [2@service]
Внутренний #1: Запуск slaticket
2016-08-30 15:00:09 [2@service]
Внутренний #1: Запуск planningrecall
2016-08-30 18:58:11 [2@service]
Внутренний #1: Запуск queuedmail
2016-08-31 09:00:17 [2@service]
Внутренний #1: Запуск mailgate
2016-08-31 09:15:40 [2@service]
Внутренний #1: Запуск ticketrecurrent
2016-08-31 10:50:08 [2@service]
Внутренний #1: Запуск createinquest
2016-08-31 11:05:14 [2@service]
Внутренний #1: Запуск watcher
2016-08-31 12:22:56 [2@service]
Внутренний #1: Запуск queuedmailclean
2016-08-31 14:25:50 [2@service]
Внутренний #1: Запуск mailgateerror
2016-08-31 14:37:33 [2@service]
Внутренний #1: Запуск contract
2016-08-31 14:51:22 [2@service]
Внутренний #1: Запуск infocom
2016-08-31 15:19:48 [2@service]
Внутренний #1: Запуск session
2016-08-31 15:49:33 [2@service]
Внутренний #1: Запуск alertnotclosed
2016-08-31 16:02:51 [2@service]
Внутренний #1: Запуск graph
2016-08-31 17:02:13 [@service]
Внутренний #1: Запуск reservation
2016-08-31 17:30:00 [2@service]
Внутренний #1: Запуск temp
2016-08-31 19:03:52 [2@service]
Внутренний #1: Запуск closeticket
2016-08-31 19:14:39 [2@service]
Внутренний #1: Запуск slaticket
2016-09-01 09:00:00 [2@service]
Внутренний #1: Запуск planningrecall
2016-09-01 09:09:53 [2@service]
Внутренний #1: Запуск optimize
2016-09-01 09:15:57 [2@service]
Внутренний #1: Запуск queuedmail
2016-09-01 09:32:11 [2@service]
Внутренний #1: Запуск mailgate
2016-09-01 15:46:55 [@service]
Внутренний #1: Запуск ticketrecurrent
2016-09-02 08:39:58 [2@service]
Внутренний #1: Запуск graph
2016-09-02 08:45:11 [2@service]
Внутренний #1: Запуск reservation
2016-09-02 08:51:10 [2@service]
Внутренний #1: Запуск temp
2016-09-05 08:43:18 [2@service]
Внутренний #1: Запуск slaticket
2016-09-05 10:27:32 [@service]
Внутренний #1: Запуск alertnotclosed
2016-09-27 15:55:30 [@service]
Внутренний #1: Запуск closeticket
2016-11-08 19:19:08 [@service]
Внутренний #1: Запуск planningrecall
2016-11-08 19:22:23 [@service]
Внутренний #1: Запуск queuedmail
